<?xml version="1.0" encoding="UTF-8" standalone="yes"?>
<ns2:test-suite start="1438264826668" stop="1438264827471" version="1.4.15" xmlns:ns2="urn:model.allure.qatools.yandex.ru">
    <name>my.company.SimpleTest : Command line test 31476594-48c1-47fc-a186-f80bab473550</name>
    <title>my.company.SimpleTest : Command line test 31476594-48c1-47fc-a186-f80bab473550</title>
    <test-cases>
        <test-case start="1438264826701" stop="1438264826709" status="pending">
            <name>simpleTestWithAttachments</name>
            <failure>
                <message>Test not implemented yet</message>
                <stack-trace>There are no stack trace</stack-trace>
            </failure>
            <steps/>
            <attachments/>
            <labels>
                <label name="host" value="Admin-PC"/>
                <label name="thread" value="4436@Admin-PC.main(1)"/>
            </labels>
        </test-case>
        <test-case start="1438264826742" stop="1438264826758" status="passed">
            <name>csvAttachmentTest</name>
            <steps/>
            <attachments/>
            <labels>
                <label name="host" value="Admin-PC"/>
                <label name="thread" value="4436@Admin-PC.main(1)"/>
            </labels>
        </test-case>
        <test-case start="1438264826933" stop="1438264827436" status="failed">
            <name>failedTest</name>
            <failure>
                <message>AssertionError: null</message>
                <stack-trace>java.lang.AssertionError: null
	at org.testng.Assert.fail(Assert.java:94)
	at org.testng.Assert.fail(Assert.java:101)
	at my.company.SimpleTest.failedTest(SimpleTest.java:44)
	at sun.reflect.NativeMethodAccessorImpl.invoke0(Native Method)
	at sun.reflect.NativeMethodAccessorImpl.invoke(NativeMethodAccessorImpl.java:57)
	at sun.reflect.DelegatingMethodAccessorImpl.invoke(DelegatingMethodAccessorImpl.java:43)
	at java.lang.reflect.Method.invoke(Method.java:606)
	at org.testng.internal.MethodInvocationHelper.invokeMethod(MethodInvocationHelper.java:85)
	at org.testng.internal.Invoker.invokeMethod(Invoker.java:639)
	at org.testng.internal.Invoker.invokeTestMethod(Invoker.java:821)
	at org.testng.internal.Invoker.invokeTestMethods(Invoker.java:1131)
	at org.testng.internal.TestMethodWorker.invokeTestMethods(TestMethodWorker.java:124)
	at org.testng.internal.TestMethodWorker.run(TestMethodWorker.java:108)
	at org.testng.TestRunner.privateRun(TestRunner.java:773)
	at org.testng.TestRunner.run(TestRunner.java:623)
	at org.testng.SuiteRunner.runTest(SuiteRunner.java:357)
	at org.testng.SuiteRunner.runSequentially(SuiteRunner.java:352)
	at org.testng.SuiteRunner.privateRun(SuiteRunner.java:310)
	at org.testng.SuiteRunner.run(SuiteRunner.java:259)
	at org.testng.SuiteRunnerWorker.runSuite(SuiteRunnerWorker.java:52)
	at org.testng.SuiteRunnerWorker.run(SuiteRunnerWorker.java:86)
	at org.testng.TestNG.runSuitesSequentially(TestNG.java:1185)
	at org.testng.TestNG.runSuitesLocally(TestNG.java:1110)
	at org.testng.TestNG.run(TestNG.java:1018)
	at org.apache.maven.surefire.testng.TestNGExecutor.run(TestNGExecutor.java:91)
	at org.apache.maven.surefire.testng.TestNGDirectoryTestSuite.executeSingleClass(TestNGDirectoryTestSuite.java:128)
	at org.apache.maven.surefire.testng.TestNGDirectoryTestSuite.execute(TestNGDirectoryTestSuite.java:112)
	at org.apache.maven.surefire.testng.TestNGProvider.invoke(TestNGProvider.java:113)
	at org.apache.maven.surefire.booter.ForkedBooter.invokeProviderInSameClassLoader(ForkedBooter.java:200)
	at org.apache.maven.surefire.booter.ForkedBooter.runSuitesInProcess(ForkedBooter.java:153)
	at org.apache.maven.surefire.booter.ForkedBooter.main(ForkedBooter.java:103)
</stack-trace>
            </failure>
            <steps>
                <step start="1438264827013" stop="1438264827434" status="passed">
                    <name>onTestFailure[[TestResult name=failedTest status=FAILURE method=SimpleTest.failedTest()[pri:0, instance:my.company.Simpl...]</name>
                    <title>Hi, Im step in your testng listener</title>
                    <attachments>
                        <attachment title="Hi, Im attachment in your testng listener" source="13e0fa62-d59a-4e77-808e-f57af4c1abe4-attachment.txt" type="text/plain"/>
                    </attachments>
                </step>
            </steps>
            <attachments/>
            <labels>
                <label name="host" value="Admin-PC"/>
                <label name="thread" value="4436@Admin-PC.main(1)"/>
            </labels>
        </test-case>
        <test-case start="1438264827437" stop="1438264827438" status="passed">
            <name>simpleTest</name>
            <steps/>
            <attachments/>
            <labels>
                <label name="host" value="Admin-PC"/>
                <label name="thread" value="4436@Admin-PC.main(1)"/>
            </labels>
        </test-case>
        <test-case start="1438264827440" stop="1438264827441" status="passed">
            <name>simpleTestWithSteps</name>
            <steps/>
            <attachments/>
            <labels>
                <label name="host" value="Admin-PC"/>
                <label name="thread" value="4436@Admin-PC.main(1)"/>
            </labels>
        </test-case>
    </test-cases>
    <labels>
        <label name="framework" value="TestNG"/>
        <label name="language" value="JAVA"/>
    </labels>
</ns2:test-suite>
