<?xml version="1.0" encoding="UTF-8"?>
<testng-results skipped="0" failed="1" total="4" passed="3">
  <reporter-output>
  </reporter-output>
  <suite name="my.company.SimpleTest" duration-ms="796" started-at="2015-07-30T14:00:26Z" finished-at="2015-07-30T14:00:27Z">
    <groups>
    </groups>
    <test name="Command line test 31476594-48c1-47fc-a186-f80bab473550" duration-ms="796" started-at="2015-07-30T14:00:26Z" finished-at="2015-07-30T14:00:27Z">
      <class name="my.company.SimpleTest">
        <test-method status="PASS" signature="csvAttachmentTest()[pri:0, instance:my.company.SimpleTest@7cd84a10]" name="csvAttachmentTest" duration-ms="20" started-at="2015-07-30T17:00:26Z" finished-at="2015-07-30T17:00:26Z">
          <reporter-output>
          </reporter-output>
        </test-method> <!-- csvAttachmentTest -->
        <test-method status="FAIL" signature="failedTest()[pri:0, instance:my.company.SimpleTest@7cd84a10]" name="failedTest" duration-ms="11" started-at="2015-07-30T17:00:26Z" finished-at="2015-07-30T17:00:26Z">
          <exception class="java.lang.AssertionError">
            <message>
              <![CDATA[null]]>
            </message>
            <full-stacktrace>
              <![CDATA[java.lang.AssertionError: null
	at org.testng.Assert.fail(Assert.java:94)
	at org.testng.Assert.fail(Assert.java:101)
	at my.company.SimpleTest.failedTest(SimpleTest.java:44)
	at sun.reflect.NativeMethodAccessorImpl.invoke0(Native Method)
	at sun.reflect.NativeMethodAccessorImpl.invoke(NativeMethodAccessorImpl.java:57)
	at sun.reflect.DelegatingMethodAccessorImpl.invoke(DelegatingMethodAccessorImpl.java:43)
	at java.lang.reflect.Method.invoke(Method.java:606)
	at org.testng.internal.MethodInvocationHelper.invokeMethod(MethodInvocationHelper.java:85)
	at org.testng.internal.Invoker.invokeMethod(Invoker.java:639)
	at org.testng.internal.Invoker.invokeTestMethod(Invoker.java:821)
	at org.testng.internal.Invoker.invokeTestMethods(Invoker.java:1131)
	at org.testng.internal.TestMethodWorker.invokeTestMethods(TestMethodWorker.java:124)
	at org.testng.internal.TestMethodWorker.run(TestMethodWorker.java:108)
	at org.testng.TestRunner.privateRun(TestRunner.java:773)
	at org.testng.TestRunner.run(TestRunner.java:623)
	at org.testng.SuiteRunner.runTest(SuiteRunner.java:357)
	at org.testng.SuiteRunner.runSequentially(SuiteRunner.java:352)
	at org.testng.SuiteRunner.privateRun(SuiteRunner.java:310)
	at org.testng.SuiteRunner.run(SuiteRunner.java:259)
	at org.testng.SuiteRunnerWorker.runSuite(SuiteRunnerWorker.java:52)
	at org.testng.SuiteRunnerWorker.run(SuiteRunnerWorker.java:86)
	at org.testng.TestNG.runSuitesSequentially(TestNG.java:1185)
	at org.testng.TestNG.runSuitesLocally(TestNG.java:1110)
	at org.testng.TestNG.run(TestNG.java:1018)
	at org.apache.maven.surefire.testng.TestNGExecutor.run(TestNGExecutor.java:91)
	at org.apache.maven.surefire.testng.TestNGDirectoryTestSuite.executeSingleClass(TestNGDirectoryTestSuite.java:128)
	at org.apache.maven.surefire.testng.TestNGDirectoryTestSuite.execute(TestNGDirectoryTestSuite.java:112)
	at org.apache.maven.surefire.testng.TestNGProvider.invoke(TestNGProvider.java:113)
	at org.apache.maven.surefire.booter.ForkedBooter.invokeProviderInSameClassLoader(ForkedBooter.java:200)
	at org.apache.maven.surefire.booter.ForkedBooter.runSuitesInProcess(ForkedBooter.java:153)
	at org.apache.maven.surefire.booter.ForkedBooter.main(ForkedBooter.java:103)
]]>
            </full-stacktrace>
          </exception> <!-- java.lang.AssertionError -->
          <reporter-output>
          </reporter-output>
        </test-method> <!-- failedTest -->
        <test-method status="PASS" signature="simpleTest()[pri:0, instance:my.company.SimpleTest@7cd84a10]" name="simpleTest" duration-ms="1" started-at="2015-07-30T17:00:27Z" finished-at="2015-07-30T17:00:27Z">
          <reporter-output>
          </reporter-output>
        </test-method> <!-- simpleTest -->
        <test-method status="PASS" signature="simpleTestWithSteps()[pri:0, instance:my.company.SimpleTest@7cd84a10]" name="simpleTestWithSteps" duration-ms="1" started-at="2015-07-30T17:00:27Z" finished-at="2015-07-30T17:00:27Z">
          <reporter-output>
          </reporter-output>
        </test-method> <!-- simpleTestWithSteps -->
      </class> <!-- my.company.SimpleTest -->
    </test> <!-- Command line test 31476594-48c1-47fc-a186-f80bab473550 -->
  </suite> <!-- my.company.SimpleTest -->
</testng-results>
