<?xml version="1.0" encoding="UTF-8"?>
<!-- Generated by org.testng.reporters.JUnitXMLReporter -->
<testsuite hostname="Admin-PC" name="Command line test 31476594-48c1-47fc-a186-f80bab473550" tests="4" failures="1" timestamp="30 Jul 2015 14:00:27 GMT" time="0.796" errors="0">
  <testcase name="csvAttachmentTest" time="0.02" classname="my.company.SimpleTest"/>
  <testcase name="failedTest" time="0.011" classname="my.company.SimpleTest">
    <failure type="java.lang.AssertionError" message="null">
      <![CDATA[java.lang.AssertionError: null
	at my.company.SimpleTest.failedTest(SimpleTest.java:44)
... Removed 30 stack frames]]>
    </failure>
  </testcase> <!-- failedTest -->
  <testcase name="simpleTest" time="0.001" classname="my.company.SimpleTest"/>
  <testcase name="simpleTestWithSteps" time="0.001" classname="my.company.SimpleTest"/>
</testsuite> <!-- Command line test 31476594-48c1-47fc-a186-f80bab473550 -->
